1651349341865	geckodriver	INFO	Listening on 127.0.0.1:60699
1651349344893	mozrunner::runner	INFO	Running command: "C:\\Program Files\\Mozilla Firefox\\firefox.exe" "--marionette" "--remote-debugging-port" "60700" "--remote-allow-hosts" "localhost" "-no-remote" "-profile" "C:\\Users\\Azoul\\AppData\\Local\\Temp\\rust_mozprofileKB1o6t"
1651349345221	Marionette	INFO	Marionette enabled
console.warn: SearchSettings: "get: No settings file exists, new profile?" (new NotFoundError("Could not open the file at C:\\Users\\Azoul\\AppData\\Local\\Temp\\rust_mozprofileKB1o6t\\search.json.mozlz4", (void 0)))
DevTools listening on ws://localhost:60700/devtools/browser/6074937c-6657-493a-98dc-826468a2b118
1651349346724	Marionette	INFO	Listening on port 60705
1651349346933	Marionette	WARN	TLS certificate errors will be ignored for this session
console.error: services.settings: 
  main/doh-providers Signature failed  InvalidSignatureError: Invalid content signature (main/doh-providers)
console.error: services.settings: 
  main/doh-providers local data was corrupted
console.warn: services.settings: main/doh-providers Signature verified failed. Retry from scratch
console.error: services.settings: 
  main/doh-config Signature failed  InvalidSignatureError: Invalid content signature (main/doh-config)
console.error: services.settings: 
  main/doh-config local data was corrupted
console.warn: services.settings: main/doh-config Signature verified failed. Retry from scratch
console.error: services.settings: 
  main/search-config Signature failed  InvalidSignatureError: Invalid content signature (main/search-config)
console.error: services.settings: 
  main/search-config local data was corrupted
console.warn: services.settings: main/search-config Signature verified failed. Retry from scratch
!!! error running onStopped callback: TypeError: callback is not a function
1651349880682	Marionette	INFO	Stopped listening on port 60705

###!!! [Child][RunMessage] Error: Channel closing: too late to send/recv, messages will be lost

1651349880703	RemoteAgent	ERROR	unable to stop listener: [Exception... "Component returned failure code: 0x8000ffff (NS_ERROR_UNEXPECTED) [nsIWindowMediator.getEnumerator]"  nsresult: "0x8000ffff (NS_ERROR_UNEXPECTED)"  location: "JS frame :: chrome://remote/content/cdp/observers/TargetObserver.jsm :: stop :: line 64"  data: no] Stack trace: stop()@TargetObserver.jsm:64
unwatchForTabs()@TargetList.jsm:70
unwatchForTargets()@TargetList.jsm:37
destructor()@TargetList.jsm:109
close()@RemoteAgent.jsm:129
1651349891271	geckodriver	INFO	Listening on 127.0.0.1:60882
1651349894333	mozrunner::runner	INFO	Running command: "C:\\Program Files\\Mozilla Firefox\\firefox.exe" "--marionette" "--remote-debugging-port" "60883" "--remote-allow-hosts" "localhost" "-no-remote" "-profile" "C:\\Users\\Azoul\\AppData\\Local\\Temp\\rust_mozprofileCpaSCc"
1651349894593	Marionette	INFO	Marionette enabled
console.warn: SearchSettings: "get: No settings file exists, new profile?" (new NotFoundError("Could not open the file at C:\\Users\\Azoul\\AppData\\Local\\Temp\\rust_mozprofileCpaSCc\\search.json.mozlz4", (void 0)))
DevTools listening on ws://localhost:60883/devtools/browser/b1e136ca-3ecc-4f7b-87a7-cbf745c1b596
1651349895791	Marionette	INFO	Listening on port 60888
1651349895874	Marionette	WARN	TLS certificate errors will be ignored for this session
console.error: services.settings: 
  main/doh-providers Sig1651350286510	mozrunner::runner	INFO	Running command: "C:\\Program Files\\Mozilla Firefox\\firefox.exe" "--marionette" "--remote-debugging-port" "60971" "--remote-allow-hosts" "localhost" "-no-remote" "-profile" "C:\\Users\\Azoul\\AppData\\Local\\Temp\\rust_mozprofileconsole.1651350286773	Marionette	INFO	Marionette enabled
console.warn: SearchSettings: "get: No settings file exists, new profile?" (new NotFoundError("Could not open the file at C:\\Users\\Azoul\\AppData\\Local\\Temp\\rust_mozprofileswm4ra\\search.json.mozlz4", (void 0)))
DevTools listening on ws://localhost:60971/devtools/browser/ebb6f346-d4ce-48cb-8923-8a086290f5c0
1651350287920	Marionette	INFO	Listening on port 60978
1651350288038	Marionette	WARN	TLS certificate errors will be ignored for this session
console.error: services.settings: 
  main/public-suffix-list Signature failed  InvalidSignatureError: Invalid content signature !!! error running onStopped callback: TypeError: callback is not a function
1651361698101	Marionette	INFO	Stopped listening on port 60888

###!!! [Child][RunMessage] Error: Channel closing: too late to send/recv, messages will be lost

1651361698133	RemoteAgent	ERROR	unable to stop listener: [Exception... "Component returned failure code: 0x8000ffff (NS_ERROR_UNEXPECTED) [nsIWindowMediator.getEnumerator]"  nsresult: "0x8000ffff (NS_ERROR_UNEXPECTED)"  location: "JS frame :: chrome://remote/content/cdp/observers/TargetObserver.jsm :: stop :: line 64"  data: no] Stack trace: stop()@TargetObserver.jsm:64
unwatchForTabs()@TargetList.jsm:70
unwatchForTargets()@TargetList.jsm:37
destructor()@TargetList.jsm:109
close()@RemoteAgent.jsm:129
gnature failed  InvalidSignatureError: Invalid content signature (main/doh-providers)
console.error: services.settings: 
  main/doh-providers local data was corrupted
console.warn: services.settings: main/doh-providers Signature verified failed. Retry from scratch
console.error: services.settings: 
  main/doh-config Signature failed  InvalidSignatureError: Invalid content signature (main/doh-config)
console.error: services.settings: 
  main/doh-config local data was corrupted
console.warn: services.settings: main/doh-config Signature verified failed. Retry from scratch
console.error: services.settings: 
  main/search-config Signature failed  InvalidSignatureError: Invalid content signature (main/search-config)
console.error: services.settings: 
  main/search-config local data was corrupted
console.warn: services.settings: main/search-config Signature verified failed. Retry from scratch
!!! error running onStopped callback: TypeError: callback is not a function
1651361696919	Marionette	INFO	Stopped listening on port 60978

###!!! [Child][RunMessage] Error: Channel closing: too late to send/recv, messages will be lost

1651361696946	RemoteAgent	ERROR	unable to stop listener: [Exception... "Component returned failure code: 0x8000ffff (NS_ERROR_UNEXPECTED) [nsIWindowMediator.getEnumerator]"  nsresult: "0x8000ffff (NS_ERROR_UNEXPECTED)"  location: "JS frame :: chrome://remote/content/cdp/observers/TargetObserver.jsm :: stop :: line 64"  data: no] Stack trace: stop()@TargetObserver.jsm:64
unwatchForTabs()@TargetList.jsm:70
unwatchForTargets()@TargetList.jsm:37
destructor()@TargetList.jsm:109
close()@RemoteAgent.jsm:129
29
1651350686713	Marionette	WARN	TLS certificate errors will be ignored for this session
JavaScript warning: https://opensea.io/_next/static/chunks/d3dd70f4.fb0e16024264711710ac.js, line 0: Successfully compiled asm.js code (total compilation time 70ms)
console.error: services.settings: 
  main/public-suffix-list Signature failed  InvalidSignatureError: Invalid content signature (main/public-suffix-list)
console.error: services.settings: 
  main/public-suffix-list local data was corrupted
console.warn: services.settings: main/public-suffix-list Signature verified failed. Retry from scratch
console.error: services.settings: 
  main/public-suffix-list Signature failed again InvalidSignatureError: Invalid content signature (main/public-suffix-list)
console.error: services.settings: 
  Message: InvalidSignatureError: Invalid content signature (main/public-suffix-list)
  Stack:
    InvalidSignatureError@resource://services-settings/RemoteSettingsClient.jsm:137:5
_validateCollectionSignature@resource://services-settings/RemoteSettingsClient.jsm:844:13

console.error: services.settings: 
  main/doh-providers Signature failed  InvalidSignatureError: Invalid content signature (main/doh-providers)
console.error: services.settings: 
  main/doh-providers local data was corrupted
console.warn: services.settings: main/doh-providers Signature verified failed. Retry from scratch
console.error: services.settings: 
  main/doh-config Signature failed  InvalidSignatureError: Invalid content signature (main/doh-config)
console.error: services.settings: 
  main/doh-config local data was corrupted
console.warn: services.settings: main/doh-config Signature verified failed. Retry from scratch
console.error: services.settings: 
  main/search-config Signature failed  InvalidSignatureError: Invalid content signature (main/search-config)
console.error: services.settings: 
  main/search-config local data was corrupted
console.warn: services.settings: main/search-config Signature verified failed. Retry from scratch
JavaScript error: , line 0: TypeError: NetworkError when attempting to fetch resource.
!!! error running onStopped callback: TypeError: callback is not a function
1651361699203	Marionette	INFO	Stopped listening on port 61129

###!!! [Child][RunMessage] Error: Channel closing: too late to send/recv, messages will be lost

1651361699235	RemoteAgent	ERROR	unable to stop listener: [Exception... "Component returned failure code: 0x8000ffff (NS_ERROR_UNEXPECTED) [nsIWindowMediator.getEnumerator]"  nsresult: "0x8000ffff (NS_ERROR_UNEXPECTED)"  location: "JS frame :: chrome://remote/content/cdp/observers/TargetObserver.jsm :: stop :: line 64"  data: no] Stack trace: stop()@TargetObserver.jsm:64
unwatchForTabs()@TargetList.jsm:70
unwatchForTargets()@TargetList.jsm:37
destructor()@TargetList.jsm:109
close()@RemoteAgent.jsm:129
